# JRE version: OpenJDK Runtime Environment (8.0_152) (build 1.8.0_152-release-1343-b16-5323222)
# Java VM: OpenJDK 64-Bit Server VM (25.152-b16-5323222 mixed mode linux-amd64 compressed oops)
Heap:
 PSYoungGen      total 386048K, used 65384K [0x00000000e0000000, 0x00000000fc100000, 0x0000000100000000)
  eden space 315904K, 0% used [0x00000000e0000000,0x00000000e0000000,0x00000000f3480000)
  from space 70144K, 93% used [0x00000000f3480000,0x00000000f745a220,0x00000000f7900000)
  to   space 72704K, 0% used [0x00000000f7900000,0x00000000f7900000,0x00000000fc000000)
 ParOldGen       total 184320K, used 54986K [0x00000000a0000000, 0x00000000ab400000, 0x00000000e0000000)
  object space 184320K, 29% used [0x00000000a0000000,0x00000000a35b28d8,0x00000000ab400000)
 Metaspace       used 91291K, capacity 94158K, committed 95512K, reserved 1132544K
  class space    used 11498K, capacity 12065K, committed 12336K, reserved 1048576K
GC Heap History (10 events):
Event: 551,136 GC heap after
Heap after GC invocations=26 (full 5):
 PSYoungGen      total 296448K, used 13432K [0x00000000e0000000, 0x00000000f6c80000, 0x0000000100000000)
  eden space 246272K, 0% used [0x00000000e0000000,0x00000000e0000000,0x00000000ef080000)
  from space 50176K, 26% used [0x00000000ef080000,0x00000000efd9e1a0,0x00000000f2180000)
  to   space 47104K, 0% used [0x00000000f3e80000,0x00000000f3e80000,0x00000000f6c80000)
 ParOldGen       total 161792K, used 55943K [0x00000000a0000000, 0x00000000a9e00000, 0x00000000e0000000)
  object space 161792K, 34% used [0x00000000a0000000,0x00000000a36a1d78,0x00000000a9e00000)
 Metaspace       used 87007K, capacity 90084K, committed 90392K, reserved 1128448K
  class space    used 11169K, capacity 11757K, committed 11824K, reserved 1048576K
}
Event: 554,243 GC heap before
{Heap before GC invocations=27 (full 5):
 PSYoungGen      total 296448K, used 259704K [0x00000000e0000000, 0x00000000f6c80000, 0x0000000100000000)
  eden space 246272K, 100% used [0x00000000e0000000,0x00000000ef080000,0x00000000ef080000)
  from space 50176K, 26% used [0x00000000ef080000,0x00000000efd9e1a0,0x00000000f2180000)
  to   space 47104K, 0% used [0x00000000f3e80000,0x00000000f3e80000,0x00000000f6c80000)
 ParOldGen       total 161792K, used 55943K [0x00000000a0000000, 0x00000000a9e00000, 0x00000000e0000000)
  object space 161792K, 34% used [0x00000000a0000000,0x00000000a36a1d78,0x00000000a9e00000)
 Metaspace       used 87065K, capacity 90148K, committed 90392K, reserved 1128448K
  class space    used 11169K, capacity 11757K, committed 11824K, reserved 1048576K
Event: 554,693 GC heap after
Heap after GC invocations=27 (full 5):
 PSYoungGen      total 306176K, used 47090K [0x00000000e0000000, 0x00000000fac80000, 0x0000000100000000)
  eden space 259072K, 0% used [0x00000000e0000000,0x00000000e0000000,0x00000000efd00000)
  from space 47104K, 99% used [0x00000000f3e80000,0x00000000f6c7ca18,0x00000000f6c80000)
  to   space 67072K, 0% used [0x00000000efd00000,0x00000000efd00000,0x00000000f3e80000)
 ParOldGen       total 161792K, used 86613K [0x00000000a0000000, 0x00000000a9e00000, 0x00000000e0000000)
  object space 161792K, 53% used [0x00000000a0000000,0x00000000a5495420,0x00000000a9e00000)
 Metaspace       used 87065K, capacity 90148K, committed 90392K, reserved 1128448K
  class space    used 11169K, capacity 11757K, committed 11824K, reserved 1048576K
}
Event: 5231,944 GC heap before
{Heap before GC invocations=28 (full 5):
 PSYoungGen      total 306176K, used 306162K [0x00000000e0000000, 0x00000000fac80000, 0x0000000100000000)
  eden space 259072K, 100% used [0x00000000e0000000,0x00000000efd00000,0x00000000efd00000)
  from space 47104K, 99% used [0x00000000f3e80000,0x00000000f6c7ca18,0x00000000f6c80000)
  to   space 67072K, 0% used [0x00000000efd00000,0x00000000efd00000,0x00000000f3e80000)
 ParOldGen       total 161792K, used 86613K [0x00000000a0000000, 0x00000000a9e00000, 0x00000000e0000000)
  object space 161792K, 53% used [0x00000000a0000000,0x00000000a5495420,0x00000000a9e00000)
 Metaspace       used 91026K, capacity 94236K, committed 94488K, reserved 1132544K
  class space    used 11602K, capacity 12251K, committed 12336K, reserved 1048576K
Event: 5234,749 GC heap after
Heap after GC invocations=28 (full 5):
 PSYoungGen      total 326144K, used 50801K [0x00000000e0000000, 0x00000000fc000000, 0x0000000100000000)
  eden space 259072K, 0% used [0x00000000e0000000,0x00000000e0000000,0x00000000efd00000)
  from space 67072K, 75% used [0x00000000efd00000,0x00000000f2e9c4b8,0x00000000f3e80000)
  to   space 72704K, 0% used [0x00000000f7900000,0x00000000f7900000,0x00000000fc000000)
 ParOldGen       total 161792K, used 87613K [0x00000000a0000000, 0x00000000a9e00000, 0x00000000e0000000)
  object space 161792K, 54% used [0x00000000a0000000,0x00000000a558f4a0,0x00000000a9e00000)
 Metaspace       used 91026K, capacity 94236K, committed 94488K, reserved 1132544K
  class space    used 11602K, capacity 12251K, committed 12336K, reserved 1048576K
}
Event: 5253,027 GC heap before
{Heap before GC invocations=29 (full 5):
 PSYoungGen      total 326144K, used 309873K [0x00000000e0000000, 0x00000000fc000000, 0x0000000100000000)
  eden space 259072K, 100% used [0x00000000e0000000,0x00000000efd00000,0x00000000efd00000)
  from space 67072K, 75% used [0x00000000efd00000,0x00000000f2e9c4b8,0x00000000f3e80000)
  to   space 72704K, 0% used [0x00000000f7900000,0x00000000f7900000,0x00000000fc000000)
 ParOldGen       total 161792K, used 87613K [0x00000000a0000000, 0x00000000a9e00000, 0x00000000e0000000)
  object space 161792K, 54% used [0x00000000a0000000,0x00000000a558f4a0,0x00000000a9e00000)
 Metaspace       used 91386K, capacity 94762K, committed 95000K, reserved 1132544K
  class space    used 11616K, capacity 12290K, committed 12336K, reserved 1048576K
Event: 5254,360 GC heap after
Heap after GC invocations=29 (full 5):
 PSYoungGen      total 388608K, used 13870K [0x00000000e0000000, 0x00000000fc100000, 0x0000000100000000)
  eden space 315904K, 0% used [0x00000000e0000000,0x00000000e0000000,0x00000000f3480000)
  from space 72704K, 19% used [0x00000000f7900000,0x00000000f868bb80,0x00000000fc000000)
  to   space 70144K, 0% used [0x00000000f3480000,0x00000000f3480000,0x00000000f7900000)
 ParOldGen       total 161792K, used 128354K [0x00000000a0000000, 0x00000000a9e00000, 0x00000000e0000000)
  object space 161792K, 79% used [0x00000000a0000000,0x00000000a7d589d8,0x00000000a9e00000)
 Metaspace       used 91386K, capacity 94762K, committed 95000K, reserved 1132544K
  class space    used 11616K, capacity 12290K, committed 12336K, reserved 1048576K
}
Event: 5254,363 GC heap before
{Heap before GC invocations=30 (full 6):
 PSYoungGen      total 388608K, used 13870K [0x00000000e0000000, 0x00000000fc100000, 0x0000000100000000)
  eden space 315904K, 0% used [0x00000000e0000000,0x00000000e0000000,0x00000000f3480000)
  from space 72704K, 19% used [0x00000000f7900000,0x00000000f868bb80,0x00000000fc000000)
  to   space 70144K, 0% used [0x00000000f3480000,0x00000000f3480000,0x00000000f7900000)
 ParOldGen       total 161792K, used 128354K [0x00000000a0000000, 0x00000000a9e00000, 0x00000000e0000000)
  object space 161792K, 79% used [0x00000000a0000000,0x00000000a7d589d8,0x00000000a9e00000)
 Metaspace       used 91386K, capacity 94762K, committed 95000K, reserved 1132544K
  class space    used 11616K, capacity 12290K, committed 12336K, reserved 1048576K
Event: 5257,716 GC heap after
Heap after GC invocations=30 (full 6):
 PSYoungGen      total 388608K, used 0K [0x00000000e0000000, 0x00000000fc100000, 0x0000000100000000)
  eden space 315904K, 0% used [0x00000000e0000000,0x00000000e0000000,0x00000000f3480000)
  from space 72704K, 0% used [0x00000000f7900000,0x00000000f7900000,0x00000000fc000000)
  to   space 70144K, 0% used [0x00000000f3480000,0x00000000f3480000,0x00000000f7900000)
 ParOldGen       total 184320K, used 54978K [0x00000000a0000000, 0x00000000ab400000, 0x00000000e0000000)
  object space 184320K, 29% used [0x00000000a0000000,0x00000000a35b08d8,0x00000000ab400000)
 Metaspace       used 90713K, capacity 93642K, committed 95000K, reserved 1132544K
  class space    used 11486K, capacity 12061K, committed 12336K, reserved 1048576K
}
Event: 5266,093 GC heap before
{Heap before GC invocations=31 (full 6):
 PSYoungGen      total 388608K, used 315904K [0x00000000e0000000, 0x00000000fc100000, 0x0000000100000000)
  eden space 315904K, 100% used [0x00000000e0000000,0x00000000f3480000,0x00000000f3480000)
  from space 72704K, 0% used [0x00000000f7900000,0x00000000f7900000,0x00000000fc000000)
  to   space 70144K, 0% used [0x00000000f3480000,0x00000000f3480000,0x00000000f7900000)
 ParOldGen       total 184320K, used 54978K [0x00000000a0000000, 0x00000000ab400000, 0x00000000e0000000)
  object space 184320K, 29% used [0x00000000a0000000,0x00000000a35b08d8,0x00000000ab400000)
 Metaspace       used 91291K, capacity 94158K, committed 95512K, reserved 1132544K
  class space    used 11498K, capacity 12065K, committed 12336K, reserved 1048576K

